2018-12-31 13:10:07,690 INFO  [main] com.dvbaluki.concurrency.ch6.ch6.package$ - Using concat
2018-12-31 13:10:13,995 INFO  [main] com.dvbaluki.concurrency.ch6.ch6.package$ - Now using flatten
2018-12-31 13:10:14,306 INFO  [scala-execution-context-global-18] com.dvbaluki.concurrency.ch6.ch6.package$ - 0) {"author":"Bjarne Stroustrup","id":28,"quote":"There are only two kinds of programming languages: those people always bitch about and those nobody uses.","permalink":"http://quotes.stormconsultancy.co.uk/quotes/28"}
2018-12-31 13:10:14,574 INFO  [scala-execution-context-global-20] com.dvbaluki.concurrency.ch6.ch6.package$ - 2) {"author":"Albert Einstein","id":17,"quote":"Two things are infinite: the universe and human stupidity; and I\u2019m not sure about the universe.","permalink":"http://quotes.stormconsultancy.co.uk/quotes/17"}
2018-12-31 13:10:14,589 INFO  [scala-execution-context-global-22] com.dvbaluki.concurrency.ch6.ch6.package$ - 1) {"author":"Keith Bostic","id":18,"quote":"Perl \u2013 The only language that looks the same before and after RSA encryption.","permalink":"http://quotes.stormconsultancy.co.uk/quotes/18"}
2018-12-31 13:10:14,598 INFO  [scala-execution-context-global-21] com.dvbaluki.concurrency.ch6.ch6.package$ - 3) {"author":"Phil Karlton","id":43,"quote":"There are only two hard things in Computer Science: cache invalidation, naming things and off-by-one errors.","permalink":"http://quotes.stormconsultancy.co.uk/quotes/43"}
2018-12-31 13:10:26,605 INFO  [main] com.dvbaluki.concurrency.ch6.ch6.package$ - Using concat
2018-12-31 13:10:32,919 INFO  [main] com.dvbaluki.concurrency.ch6.ch6.package$ - Now using flatten
2018-12-31 13:10:33,673 INFO  [scala-execution-context-global-23] com.dvbaluki.concurrency.ch6.ch6.package$ - 1) {"author":"Rick Osborne","id":9,"quote":"Always code as if the guy who ends up maintaining your code will be a violent psychopath who knows where you live.","permalink":"http://quotes.stormconsultancy.co.uk/quotes/9"}
2018-12-31 13:10:33,768 INFO  [scala-execution-context-global-21] com.dvbaluki.concurrency.ch6.ch6.package$ - 2) {"author":"Jamie Zawinski","id":4,"quote":"Some people, when confronted with a problem, think \u201cI know, I\u2019ll use regular expressions.\u201d Now they have two problems.","permalink":"http://quotes.stormconsultancy.co.uk/quotes/4"}
2018-12-31 13:10:33,910 INFO  [scala-execution-context-global-17] com.dvbaluki.concurrency.ch6.ch6.package$ - 3) {"author":"Bjarne Stroustrup","id":39,"quote":"In C++ it\u2019s harder to shoot yourself in the foot, but when you do, you blow off your whole leg.","permalink":"http://quotes.stormconsultancy.co.uk/quotes/39"}
2018-12-31 13:10:34,363 INFO  [scala-execution-context-global-22] com.dvbaluki.concurrency.ch6.ch6.package$ - 0) {"author":"Albert Einstein","id":17,"quote":"Two things are infinite: the universe and human stupidity; and I\u2019m not sure about the universe.","permalink":"http://quotes.stormconsultancy.co.uk/quotes/17"}
2018-12-31 13:11:02,936 INFO  [main] com.dvbaluki.concurrency.ch6.ch6.package$ - Using concat
2018-12-31 13:11:09,257 INFO  [main] com.dvbaluki.concurrency.ch6.ch6.package$ - Now using flatten
2018-12-31 13:11:09,854 INFO  [scala-execution-context-global-22] com.dvbaluki.concurrency.ch6.ch6.package$ - 0) {"author":"Jeremy S. Anderson","id":34,"quote":"There are two major products that come out of Berkeley: LSD and UNIX.  We don\u2019t believe this to be a coincidence.","permalink":"http://quotes.stormconsultancy.co.uk/quotes/34"}
2018-12-31 13:11:09,904 INFO  [scala-execution-context-global-24] com.dvbaluki.concurrency.ch6.ch6.package$ - 1) {"author":"Bill Gates","id":6,"quote":"Measuring programming progress by lines of code is like measuring aircraft building progress by weight.","permalink":"http://quotes.stormconsultancy.co.uk/quotes/6"}
2018-12-31 13:11:10,015 INFO  [scala-execution-context-global-21] com.dvbaluki.concurrency.ch6.ch6.package$ - 3) {"author":"Douglas Adams","id":19,"quote":"I love deadlines. I like the whooshing sound they make as they fly by.","permalink":"http://quotes.stormconsultancy.co.uk/quotes/19"}
2018-12-31 13:11:10,981 INFO  [scala-execution-context-global-18] com.dvbaluki.concurrency.ch6.ch6.package$ - 2) {"author":"Donald Knuth","id":27,"quote":"Beware of bugs in the above code; I have only proved it correct, not tried it. ","permalink":"http://quotes.stormconsultancy.co.uk/quotes/27"}
2018-12-31 13:11:18,446 INFO  [main] com.dvbaluki.concurrency.ch6.ch6.package$ - Using concat
2018-12-31 13:11:20,334 INFO  [scala-execution-context-global-16] com.dvbaluki.concurrency.ch6.ch6.package$ - 0) {"author":"Keith Bostic","id":18,"quote":"Perl \u2013 The only language that looks the same before and after RSA encryption.","permalink":"http://quotes.stormconsultancy.co.uk/quotes/18"}
2018-12-31 13:11:20,846 INFO  [scala-execution-context-global-16] com.dvbaluki.concurrency.ch6.ch6.package$ - 1) {"author":"Bjarne Stroustrup","id":12,"quote":"I have always wished for my computer to be as easy to use as my telephone; my wish has come true because I can no longer figure out how to use my telephone.","permalink":"http://quotes.stormconsultancy.co.uk/quotes/12"}
2018-12-31 13:11:21,738 INFO  [scala-execution-context-global-16] com.dvbaluki.concurrency.ch6.ch6.package$ - 2) {"author":"Douglas Adams","id":19,"quote":"I love deadlines. I like the whooshing sound they make as they fly by.","permalink":"http://quotes.stormconsultancy.co.uk/quotes/19"}
2018-12-31 13:11:22,625 INFO  [scala-execution-context-global-16] com.dvbaluki.concurrency.ch6.ch6.package$ - 3) {"author":"Tom Van Vleck","id":26,"quote":"We know about as much about software quality problems as they knew about the Black Plague in the 1600s. We\u2019ve seen the victims\u2019 agonies and helped burn the corpses. We don\u2019t know what causes it; we don\u2019t really know if there is only one disease. We just suffer \u2014 and keep pouring our sewage into our water supply.","permalink":"http://quotes.stormconsultancy.co.uk/quotes/26"}
2018-12-31 13:11:24,746 INFO  [main] com.dvbaluki.concurrency.ch6.ch6.package$ - Now using flatten
2018-12-31 13:11:25,951 INFO  [scala-execution-context-global-16] com.dvbaluki.concurrency.ch6.ch6.package$ - 0) {"author":"Jamie Zawinski","id":4,"quote":"Some people, when confronted with a problem, think \u201cI know, I\u2019ll use regular expressions.\u201d Now they have two problems.","permalink":"http://quotes.stormconsultancy.co.uk/quotes/4"}
2018-12-31 13:11:26,837 INFO  [scala-execution-context-global-16] com.dvbaluki.concurrency.ch6.ch6.package$ - 1) {"author":"Keith Bostic","id":18,"quote":"Perl \u2013 The only language that looks the same before and after RSA encryption.","permalink":"http://quotes.stormconsultancy.co.uk/quotes/18"}
2018-12-31 13:11:27,752 INFO  [scala-execution-context-global-16] com.dvbaluki.concurrency.ch6.ch6.package$ - 2) {"author":"Yogi Berra","id":16,"quote":"In theory, theory and practice are the same. In practice, they\u2019re not.","permalink":"http://quotes.stormconsultancy.co.uk/quotes/16"}
2018-12-31 13:11:28,647 INFO  [scala-execution-context-global-16] com.dvbaluki.concurrency.ch6.ch6.package$ - 3) {"author":"Bill Sempf","id":44,"quote":"QA Engineer walks into a bar. Orders a beer. Orders 0 beers. Orders 999999999 beers. Orders a lizard. Orders -1 beers. Orders a sfdeljknesv.","permalink":"http://quotes.stormconsultancy.co.uk/quotes/44"}
2018-12-31 13:14:21,720 INFO  [main] com.dvbaluki.concurrency.ch6.ch6.package$ - Using concat
2018-12-31 13:14:27,723 INFO  [main] com.dvbaluki.concurrency.ch6.ch6.package$ - Now using flatten
2018-12-31 13:14:29,232 INFO  [scala-execution-context-global-16] com.dvbaluki.concurrency.ch6.ch6.package$ - 3) {"author":"Jeff Atwood","id":42,"quote":"In software, we rarely have meaningful requirements. Even if we do, the only measure of success that matters is whether our solution solves the customer\u2019s shifting idea of what their problem is.","permalink":"http://quotes.stormconsultancy.co.uk/quotes/42"}
2018-12-31 13:14:29,236 INFO  [scala-execution-context-global-15] com.dvbaluki.concurrency.ch6.ch6.package$ - 0) {"author":"Unknown","id":20,"quote":"Saying that Java is good because it works on all platforms is like saying anal sex is good because it works on all genders.","permalink":"http://quotes.stormconsultancy.co.uk/quotes/20"}
2018-12-31 13:14:29,237 INFO  [scala-execution-context-global-15] com.dvbaluki.concurrency.ch6.ch6.package$ - 1) {"author":"Phil Karlton","id":43,"quote":"There are only two hard things in Computer Science: cache invalidation, naming things and off-by-one errors.","permalink":"http://quotes.stormconsultancy.co.uk/quotes/43"}
2018-12-31 13:14:29,237 INFO  [scala-execution-context-global-15] com.dvbaluki.concurrency.ch6.ch6.package$ - 2) {"author":"Bjarne Stroustrup","id":28,"quote":"There are only two kinds of programming languages: those people always bitch about and those nobody uses.","permalink":"http://quotes.stormconsultancy.co.uk/quotes/28"}
2018-12-31 13:15:38,717 INFO  [main] com.dvbaluki.concurrency.ch6.ch6.package$ - Using concat
2018-12-31 13:15:45,037 INFO  [main] com.dvbaluki.concurrency.ch6.ch6.package$ - Now using flatten
2018-12-31 13:20:09,825 INFO  [main] com.dvbaluki.concurrency.ch6.ch6.package$ - Using concat
2018-12-31 13:20:16,134 INFO  [main] com.dvbaluki.concurrency.ch6.ch6.package$ - Now using flatten
2019-01-03 08:46:27,582 INFO  [AWT-EventQueue-0] com.dvbaluki.concurrency.ch6.ch6.package$ - button clicked
2019-01-03 08:46:28,102 INFO  [AWT-EventQueue-0] com.dvbaluki.concurrency.ch6.ch6.package$ - button clicked
2019-01-03 08:46:47,685 INFO  [AWT-EventQueue-0] com.dvbaluki.concurrency.ch6.ch6.package$ - button clicked
